<?xml version="1.0" encoding="UTF-8"?>
<!-- Generated by org.testng.reporters.JUnitXMLReporter -->
<testsuite ignored="0" hostname="DESKTOP-COBP555" failures="0" tests="3" name="Default test" time="42.193" errors="0" timestamp="2022-07-05T13:00:09 IST">
  <testcase classname="TestSuites.TestCases" name="carwash" time="13.796"/>
  <testcase classname="TestSuites.TestCases" name="listing" time="13.373"/>
  <testcase classname="TestSuites.TestCases" name="retrieve" time="12.378"/>
</testsuite> <!-- Default test -->
