<?xml version="1.0" encoding="UTF-8"?>
<!-- Generated by org.testng.reporters.JUnitXMLReporter -->
<testsuite ignored="0" hostname="DESKTOP-COBP555" failures="0" tests="3" name="SeleniumTesting" time="28.414" errors="0" timestamp="2022-07-05T12:45:14 IST">
  <testcase classname="TestSuites.TestCases" name="carwash" time="10.269"/>
  <testcase classname="TestSuites.TestCases" name="listing" time="12.921"/>
  <testcase classname="TestSuites.TestCases" name="retrieve" time="1.718"/>
</testsuite> <!-- SeleniumTesting -->
