<?xml version="1.0" encoding="UTF-8"?>
<testng-results ignored="0" total="3" passed="3" failed="0" skipped="0">
  <reporter-output>
  </reporter-output>
  <suite started-at="2022-07-05T12:59:27 IST" name="Default suite" finished-at="2022-07-05T13:00:09 IST" duration-ms="42193">
    <groups>
    </groups>
    <test started-at="2022-07-05T12:59:27 IST" name="Default test" finished-at="2022-07-05T13:00:09 IST" duration-ms="42193">
      <class name="TestSuites.TestCases">
        <test-method is-config="true" signature="invokeBrowser()[pri:0, instance:TestSuites.TestCases@7975d1d8]" started-at="2022-07-05T12:59:27 IST" name="invokeBrowser" finished-at="2022-07-05T12:59:29 IST" duration-ms="1999" status="PASS">
          <reporter-output>
          </reporter-output>
        </test-method> <!-- invokeBrowser -->
        <test-method signature="carwash()[pri:1, instance:TestSuites.TestCases@7975d1d8]" started-at="2022-07-05T12:59:29 IST" name="carwash" finished-at="2022-07-05T12:59:42 IST" duration-ms="13796" status="PASS">
          <reporter-output>
          </reporter-output>
        </test-method> <!-- carwash -->
        <test-method signature="listing()[pri:2, instance:TestSuites.TestCases@7975d1d8]" started-at="2022-07-05T12:59:42 IST" name="listing" finished-at="2022-07-05T12:59:56 IST" duration-ms="13373" status="PASS">
          <reporter-output>
          </reporter-output>
        </test-method> <!-- listing -->
        <test-method signature="retrieve()[pri:3, instance:TestSuites.TestCases@7975d1d8]" started-at="2022-07-05T12:59:56 IST" name="retrieve" finished-at="2022-07-05T13:00:08 IST" duration-ms="12378" status="PASS">
          <reporter-output>
          </reporter-output>
        </test-method> <!-- retrieve -->
        <test-method is-config="true" signature="closeBrowser()[pri:0, instance:TestSuites.TestCases@7975d1d8]" started-at="2022-07-05T13:00:08 IST" name="closeBrowser" finished-at="2022-07-05T13:00:09 IST" duration-ms="597" status="PASS">
          <reporter-output>
          </reporter-output>
        </test-method> <!-- closeBrowser -->
      </class> <!-- TestSuites.TestCases -->
    </test> <!-- Default test -->
  </suite> <!-- Default suite -->
</testng-results>
